{
  "RSpec": {
    "coverage": {
      "/Users/abronkema/src/rubyforgood/abronkema/babywearing/config/environment.rb": [
        null,
        1,
        null,
        null,
        1
      ],
      "/Users/abronkema/src/rubyforgood/abronkema/babywearing/config/application.rb": [
        1,
        null,
        1,
        1,
        null,
        1,
        1,
        1,
        1,
        1,
        1,
        1,
        1,
        1,
        null,
        null,
        null,
        null,
        1,
        null,
        1,
        1,
        null,
        1,
        null,
        null,
        null,
        null,
        null,
        null,
        null,
        1,
        1,
        null,
        null
      ],
      "/Users/abronkema/src/rubyforgood/abronkema/babywearing/config/boot.rb": [
        1,
        null,
        1,
        1
      ],
      "/Users/abronkema/src/rubyforgood/abronkema/babywearing/config/environments/test.rb": [
        1,
        null,
        null,
        null,
        null,
        null,
        null,
        1,
        null,
        null,
        null,
        null,
        1,
        null,
        null,
        1,
        1,
        null,
        null,
        null,
        null,
        1,
        1,
        null,
        null,
        1,
        null,
        null,
        1,
        null,
        null,
        1,
        null,
        1,
        null,
        null,
        null,
        null,
        1,
        null,
        1,
        null,
        null,
        1,
        null,
        null,
        null,
        null
      ],
      "/Users/abronkema/src/rubyforgood/abronkema/babywearing/config/initializers/application_controller_renderer.rb": [
        null,
        null,
        null,
        null,
        null,
        null,
        null,
        null
      ],
      "/Users/abronkema/src/rubyforgood/abronkema/babywearing/config/initializers/assets.rb": [
        null,
        null,
        null,
        1,
        null,
        null,
        null,
        null,
        1,
        null,
        null,
        null,
        null,
        null
      ],
      "/Users/abronkema/src/rubyforgood/abronkema/babywearing/config/initializers/backtrace_silencers.rb": [
        null,
        null,
        null,
        null,
        null,
        null,
        null
      ],
      "/Users/abronkema/src/rubyforgood/abronkema/babywearing/config/initializers/content_security_policy.rb": [
        null,
        null,
        null,
        null,
        null,
        null,
        null,
        null,
        null,
        null,
        null,
        null,
        null,
        null,
        null,
        null,
        null,
        null,
        null,
        null,
        null,
        null,
        null,
        null,
        null
      ],
      "/Users/abronkema/src/rubyforgood/abronkema/babywearing/config/initializers/cookies_serializer.rb": [
        null,
        null,
        null,
        null,
        1
      ],
      "/Users/abronkema/src/rubyforgood/abronkema/babywearing/config/initializers/devise.rb": [
        null,
        null,
        null,
        null,
        1,
        null,
        null,
        null,
        null,
        null,
        null,
        null,
        null,
        null,
        null,
        null,
        null,
        null,
        null,
        null,
        1,
        null,
        null,
        1,
        null,
        null,
        1,
        null,
        null,
        null,
        null,
        null,
        1,
        null,
        null,
        null,
        null,
        null,
        null,
        null,
        null,
        null,
        null,
        null,
        null,
        null,
        null,
        null,
        null,
        null,
        null,
        null,
        null,
        null,
        1,
        null,
        null,
        null,
        null,
        1,
        null,
        null,
        null,
        null,
        null,
        null,
        null,
        null,
        null,
        null,
        null,
        null,
        null,
        null,
        null,
        null,
        null,
        null,
        null,
        null,
        null,
        null,
        null,
        null,
        null,
        null,
        null,
        null,
        null,
        null,
        1,
        null,
        null,
        null,
        null,
        null,
        null,
        null,
        null,
        null,
        null,
        null,
        null,
        null,
        null,
        null,
        null,
        null,
        null,
        null,
        null,
        null,
        null,
        1,
        null,
        null,
        null,
        null,
        null,
        null,
        null,
        null,
        null,
        null,
        null,
        null,
        null,
        null,
        null,
        null,
        null,
        null,
        null,
        null,
        null,
        null,
        null,
        null,
        null,
        null,
        null,
        null,
        null,
        null,
        null,
        null,
        null,
        1,
        null,
        null,
        null,
        null,
        null,
        null,
        null,
        null,
        null,
        1,
        null,
        null,
        null,
        null,
        null,
        null,
        null,
        null,
        null,
        null,
        1,
        null,
        null,
        null,
        null,
        1,
        null,
        null,
        null,
        null,
        null,
        null,
        null,
        null,
        null,
        null,
        null,
        null,
        null,
        null,
        null,
        null,
        null,
        null,
        null,
        null,
        null,
        null,
        null,
        null,
        null,
        null,
        null,
        null,
        null,
        null,
        null,
        null,
        null,
        null,
        null,
        null,
        null,
        null,
        null,
        null,
        1,
        null,
        null,
        null,
        null,
        null,
        null,
        null,
        null,
        null,
        null,
        null,
        null,
        null,
        null,
        null,
        null,
        null,
        null,
        null,
        null,
        null,
        null,
        null,
        null,
        null,
        null,
        null,
        null,
        null,
        null,
        null,
        null,
        null,
        null,
        null,
        null,
        null,
        null,
        null,
        null,
        null,
        1,
        null,
        null,
        null,
        null,
        null,
        null,
        null,
        null,
        null,
        null,
        null,
        null,
        null,
        null,
        null,
        null,
        null,
        null,
        null,
        null,
        null,
        null,
        null,
        null,
        null,
        null,
        null,
        null,
        null,
        null,
        null,
        null,
        null,
        null,
        null,
        null,
        null,
        null,
        null,
        null,
        null,
        null
      ],
      "/Users/abronkema/src/rubyforgood/abronkema/babywearing/config/initializers/filter_parameter_logging.rb": [
        null,
        null,
        null,
        1
      ],
      "/Users/abronkema/src/rubyforgood/abronkema/babywearing/config/initializers/inflections.rb": [
        null,
        null,
        null,
        null,
        null,
        null,
        null,
        null,
        null,
        null,
        null,
        null,
        null,
        null,
        null,
        null
      ],
      "/Users/abronkema/src/rubyforgood/abronkema/babywearing/config/initializers/mime_types.rb": [
        null,
        null,
        null,
        null
      ],
      "/Users/abronkema/src/rubyforgood/abronkema/babywearing/config/initializers/rolify.rb": [
        1,
        null,
        null,
        null,
        null,
        null,
        null,
        null,
        null,
        null
      ],
      "/Users/abronkema/src/rubyforgood/abronkema/babywearing/config/initializers/wrap_parameters.rb": [
        null,
        null,
        null,
        null,
        null,
        null,
        1,
        2,
        null,
        null,
        null,
        null,
        null,
        null
      ],
      "/Users/abronkema/src/rubyforgood/abronkema/babywearing/config/routes.rb": [
        1,
        1,
        1,
        1,
        1,
        1,
        1,
        1,
        1,
        1,
        1,
        null,
        1,
        null,
        1,
        null
      ],
      "/Users/abronkema/src/rubyforgood/abronkema/babywearing/app/models/user.rb": [
        null,
        null,
        1,
        1,
        null,
        null,
        1,
        null,
        1,
        null,
        null,
        1,
        1,
        null,
        1,
        null,
        1,
        2,
        null,
        2,
        2,
        null,
        2,
        8,
        null,
        null,
        null,
        null,
        1,
        null,
        1,
        2,
        null,
        null,
        null
      ],
      "/Users/abronkema/src/rubyforgood/abronkema/babywearing/app/models/application_record.rb": [
        null,
        null,
        1,
        1,
        null
      ],
      "/Users/abronkema/src/rubyforgood/abronkema/babywearing/app/helpers/agreements_helper.rb": [
        null,
        null,
        1,
        null
      ],
      "/Users/abronkema/src/rubyforgood/abronkema/babywearing/app/helpers/application_helper.rb": [
        null,
        null,
        1,
        1,
        62,
        14,
        3,
        1,
        41,
        null,
        null,
        null
      ],
      "/Users/abronkema/src/rubyforgood/abronkema/babywearing/app/helpers/fee_types_helper.rb": [
        null,
        null,
        1,
        null
      ],
      "/Users/abronkema/src/rubyforgood/abronkema/babywearing/app/helpers/locations_helper.rb": [
        null,
        null,
        1,
        null
      ],
      "/Users/abronkema/src/rubyforgood/abronkema/babywearing/app/helpers/membership_types_helper.rb": [
        null,
        null,
        1,
        null
      ],
      "/Users/abronkema/src/rubyforgood/abronkema/babywearing/app/helpers/users_helper.rb": [
        null,
        null,
        1,
        1,
        96,
        null,
        null
      ],
      "/Users/abronkema/src/rubyforgood/abronkema/babywearing/app/models/signed_agreement.rb": [
        null,
        null,
        1,
        1,
        1,
        null,
        1,
        null
      ],
      "/Users/abronkema/src/rubyforgood/abronkema/babywearing/app/models/agreement.rb": [
        null,
        null,
        1,
        1,
        null,
        1,
        null,
        1,
        7,
        null,
        null
      ],
      "/Users/abronkema/src/rubyforgood/abronkema/babywearing/app/models/carrier.rb": [
        null,
        null,
        1,
        1,
        1,
        1,
        1,
        null,
        1,
        1,
        null,
        null,
        null,
        null,
        null,
        null,
        null,
        null,
        1,
        null,
        1,
        3,
        null,
        null,
        null,
        null
      ],
      "/Users/abronkema/src/rubyforgood/abronkema/babywearing/app/models/cart.rb": [
        null,
        null,
        1,
        1,
        1,
        null,
        1,
        1,
        null,
        1,
        null,
        1,
        1,
        null,
        null
      ],
      "/Users/abronkema/src/rubyforgood/abronkema/babywearing/app/models/category.rb": [
        null,
        null,
        1,
        1,
        null,
        1,
        1,
        null,
        null,
        1,
        null
      ],
      "/Users/abronkema/src/rubyforgood/abronkema/babywearing/app/models/loan.rb": [
        null,
        null,
        1,
        1,
        1,
        null,
        1,
        null
      ],
      "/Users/abronkema/src/rubyforgood/abronkema/babywearing/app/models/role.rb": [
        null,
        null,
        1,
        1,
        null,
        null,
        1,
        null,
        null,
        null,
        null,
        1,
        null,
        null,
        null,
        1,
        null
      ],
      "/Users/abronkema/src/rubyforgood/abronkema/babywearing/app/models/membership_type.rb": [
        null,
        null,
        1,
        1,
        null
      ],
      "/Users/abronkema/src/rubyforgood/abronkema/babywearing/app/models/location.rb": [
        null,
        null,
        1,
        1,
        1,
        null
      ],
      "/Users/abronkema/src/rubyforgood/abronkema/babywearing/app/models/fee_type.rb": [
        null,
        null,
        1,
        1,
        null
      ],
      "/Users/abronkema/src/rubyforgood/abronkema/babywearing/app/controllers/carriers_controller.rb": [
        null,
        null,
        1,
        1,
        null,
        1,
        5,
        null,
        null,
        null,
        null,
        null,
        1,
        null,
        null,
        1,
        6,
        6,
        6,
        null,
        null,
        1,
        3,
        3,
        null,
        3,
        2,
        2,
        null,
        1,
        1,
        null,
        null,
        null,
        1,
        3,
        3,
        null,
        null,
        1,
        2,
        null,
        2,
        1,
        1,
        null,
        1,
        1,
        null,
        null,
        null,
        1,
        1,
        1,
        1,
        1,
        null,
        null,
        1,
        null,
        1,
        10,
        null,
        null,
        1,
        5,
        null,
        null,
        null,
        null,
        null,
        null,
        null,
        null,
        null,
        null,
        null,
        null,
        null,
        null
      ],
      "/Users/abronkema/src/rubyforgood/abronkema/babywearing/app/controllers/application_controller.rb": [
        null,
        null,
        1,
        1,
        1,
        1,
        1,
        1,
        null,
        1,
        1,
        1,
        null,
        null
      ],
      "/Users/abronkema/src/rubyforgood/abronkema/babywearing/app/controllers/locations_controller.rb": [
        null,
        null,
        1,
        null,
        1,
        null,
        1,
        5,
        null,
        null,
        1,
        null,
        null,
        null,
        1,
        4,
        null,
        null,
        1,
        4,
        4,
        4,
        null,
        null,
        1,
        null,
        null,
        null,
        1,
        1,
        1,
        null,
        null,
        1,
        1,
        1,
        null,
        null,
        1,
        null,
        1,
        5,
        null,
        null,
        1,
        7,
        null,
        null,
        null
      ],
      "/Users/abronkema/src/rubyforgood/abronkema/babywearing/app/controllers/membership_types_controller.rb": [
        null,
        null,
        1,
        1,
        null,
        null,
        null,
        1,
        5,
        null,
        null,
        null,
        null,
        1,
        null,
        null,
        null,
        1,
        2,
        null,
        null,
        null,
        1,
        null,
        null,
        null,
        null,
        1,
        2,
        null,
        2,
        2,
        2,
        1,
        null,
        2,
        1,
        null,
        null,
        null,
        null,
        null,
        null,
        1,
        2,
        2,
        2,
        1,
        null,
        2,
        1,
        null,
        null,
        null,
        null,
        null,
        null,
        1,
        1,
        1,
        2,
        1,
        null,
        null,
        null,
        1,
        null,
        1,
        7,
        null,
        null,
        null,
        1,
        4,
        null,
        null
      ],
      "/Users/abronkema/src/rubyforgood/abronkema/babywearing/app/controllers/users/registrations_controller.rb": [
        null,
        null,
        1,
        null,
        1,
        null,
        1,
        2,
        null,
        null,
        null,
        null,
        null,
        1,
        0,
        null,
        null,
        null,
        null,
        null
      ],
      "/Users/abronkema/src/rubyforgood/abronkema/babywearing/app/mailers/welcome_mailer.rb": [
        null,
        null,
        1,
        1,
        2,
        2,
        null,
        null
      ],
      "/Users/abronkema/src/rubyforgood/abronkema/babywearing/app/mailers/custom_mailer.rb": [
        null,
        null,
        1,
        1,
        1,
        1,
        null
      ],
      "/Users/abronkema/src/rubyforgood/abronkema/babywearing/app/controllers/users_controller.rb": [
        null,
        null,
        1,
        1,
        null,
        1,
        7,
        null,
        6,
        6,
        8,
        null,
        null,
        null
      ],
      "/Users/abronkema/src/rubyforgood/abronkema/babywearing/app/policies/user_policy.rb": [
        null,
        null,
        1,
        1,
        null,
        1,
        7,
        7,
        null,
        null,
        1,
        7,
        null,
        null
      ],
      "/Users/abronkema/src/rubyforgood/abronkema/babywearing/app/policies/application_policy.rb": [
        null,
        null,
        1,
        1,
        null,
        1,
        0,
        0,
        null,
        null,
        null,
        1,
        0,
        null,
        null,
        1,
        0,
        null,
        null,
        1,
        0,
        null,
        null,
        1,
        0,
        null,
        null,
        1,
        0,
        null,
        null,
        1,
        0,
        null,
        null,
        1,
        0,
        null,
        null,
        1,
        1,
        null,
        1,
        0,
        0,
        null,
        null,
        1,
        0,
        null,
        null,
        null
      ],
      "/Users/abronkema/src/rubyforgood/abronkema/babywearing/app/controllers/fee_types_controller.rb": [
        null,
        null,
        1,
        1,
        null,
        null,
        null,
        1,
        5,
        null,
        null,
        null,
        null,
        1,
        null,
        null,
        null,
        null,
        1,
        2,
        null,
        null,
        null,
        1,
        null,
        null,
        null,
        null,
        1,
        2,
        null,
        2,
        2,
        2,
        1,
        null,
        2,
        1,
        null,
        null,
        null,
        null,
        null,
        null,
        1,
        2,
        2,
        2,
        1,
        null,
        2,
        1,
        null,
        null,
        null,
        null,
        null,
        null,
        1,
        1,
        1,
        2,
        1,
        null,
        null,
        null,
        1,
        null,
        1,
        8,
        null,
        null,
        1,
        4,
        null,
        null,
        null,
        null
      ],
      "/Users/abronkema/src/rubyforgood/abronkema/babywearing/app/controllers/categories_controller.rb": [
        null,
        null,
        1,
        1,
        null,
        null,
        null,
        1,
        5,
        null,
        null,
        null,
        null,
        1,
        null,
        null,
        null,
        1,
        2,
        null,
        null,
        null,
        1,
        null,
        null,
        null,
        null,
        1,
        1,
        null,
        1,
        1,
        2,
        1,
        null,
        0,
        0,
        null,
        null,
        null,
        null,
        null,
        null,
        1,
        1,
        1,
        2,
        1,
        null,
        0,
        0,
        null,
        null,
        null,
        null,
        null,
        null,
        1,
        1,
        1,
        2,
        1,
        null,
        null,
        null,
        1,
        null,
        1,
        8,
        null,
        null,
        null,
        1,
        2,
        null,
        null
      ],
      "/Users/abronkema/src/rubyforgood/abronkema/babywearing/app/controllers/signed_agreements_controller.rb": [
        null,
        null,
        1,
        1,
        null,
        1,
        2,
        null,
        null,
        1,
        1,
        null,
        1,
        1,
        2,
        null,
        0,
        null,
        null,
        null,
        null,
        1,
        null,
        1,
        2,
        null,
        null,
        1,
        1,
        null,
        null,
        null,
        null,
        null,
        null
      ],
      "/Users/abronkema/src/rubyforgood/abronkema/babywearing/app/controllers/agreements_controller.rb": [
        null,
        null,
        1,
        1,
        null,
        null,
        1,
        6,
        null,
        null,
        1,
        4,
        null,
        null,
        1,
        2,
        null,
        null,
        1,
        2,
        null,
        2,
        2,
        2,
        1,
        null,
        2,
        1,
        null,
        null,
        null,
        null,
        1,
        null,
        null,
        null,
        1,
        2,
        2,
        2,
        1,
        null,
        2,
        1,
        null,
        null,
        null,
        null,
        1,
        1,
        1,
        2,
        1,
        null,
        null,
        null,
        1,
        null,
        1,
        9,
        null,
        null,
        1,
        4,
        null,
        null
      ]
    },
    "timestamp": 1571408790
  }
}
